<?xml version="1.0" encoding="UTF-8"?>
<testng-results skipped="0" failed="0" ignored="0" total="1" passed="1">
  <reporter-output>
    <line>
      <![CDATA[git hub]]>
    </line>
  </reporter-output>
  <suite name="Default suite" duration-ms="60" started-at="2020-03-12T05:34:55Z" finished-at="2020-03-12T05:34:55Z">
    <groups>
    </groups>
    <test name="Default test" duration-ms="60" started-at="2020-03-12T05:34:55Z" finished-at="2020-03-12T05:34:55Z">
      <class name="Com_ActiTime_Test.Demo">
        <test-method status="PASS" signature="testA()[pri:0, instance:Com_ActiTime_Test.Demo@cc285f4]" name="testA" duration-ms="17" started-at="2020-03-12T05:34:55Z" finished-at="2020-03-12T05:34:55Z">
          <reporter-output>
            <line>
              <![CDATA[git hub]]>
            </line>
          </reporter-output>
        </test-method> <!-- testA -->
      </class> <!-- Com_ActiTime_Test.Demo -->
    </test> <!-- Default test -->
  </suite> <!-- Default suite -->
</testng-results>
